#
# There is insufficient memory for the Java Runtime Environment to continue.
# Native memory allocation (mmap) failed to map 264241152 bytes. Error detail: G1 virtual space
# Possible reasons:
#   The system is out of physical RAM or swap space
#   This process is running with CompressedOops enabled, and the Java Heap may be blocking the growth of the native heap
# Possible solutions:
#   Reduce memory load on the system
#   Increase physical memory or swap space
#   Check if swap backing store is full
#   Decrease Java heap size (-Xmx/-Xms)
#   Decrease number of Java threads
#   Decrease Java thread stack sizes (-Xss)
#   Set larger code cache with -XX:ReservedCodeCacheSize=
#   JVM is running with Zero Based Compressed Oops mode in which the Java heap is
#     placed in the first 32GB address space. The Java Heap base address is the
#     maximum limit for the native heap growth. Please use -XX:HeapBaseMinAddress
#     to set the Java Heap base and to place the Java Heap above 32GB virtual address.
# This output file may be truncated or incomplete.
#
#  Out of Memory Error (os_windows.cpp:3898), pid=28576, tid=23420
#
# JRE version:  (21.0.6+8) (build )
# Java VM: OpenJDK 64-Bit Server VM (21.0.6+8-b631.39, mixed mode, sharing, tiered, compressed oops, compressed class ptrs, g1 gc, windows-amd64)
# No core dump will be written. Minidumps are not enabled by default on client versions of Windows
#

---------------  S U M M A R Y ------------

Command Line: com.intellij.util.ReadEnv

Host: 12th Gen Intel(R) Core(TM) i7-12700H, 20 cores, 15G,  Windows 11 , 64 bit Build 22621 (10.0.22621.4974)
Time: Thu Mar 20 10:59:05 2025  Windows 11 , 64 bit Build 22621 (10.0.22621.4974) elapsed time: 0.016600 seconds (0d 0h 0m 0s)

---------------  T H R E A D  ---------------

Current thread (0x000002c58810f360):  JavaThread "Unknown thread" [_thread_in_vm, id=23420, stack(0x000000dc08e00000,0x000000dc08f00000) (1024K)]

Stack: [0x000000dc08e00000,0x000000dc08f00000]
Native frames: (J=compiled Java code, j=interpreted, Vv=VM code, C=native code)
V  [jvm.dll+0x6e5d39]
V  [jvm.dll+0x8c4133]
V  [jvm.dll+0x8c668e]
V  [jvm.dll+0x8c6d73]
V  [jvm.dll+0x288f76]
V  [jvm.dll+0x6e25f5]
V  [jvm.dll+0x6d60aa]
V  [jvm.dll+0x3635bb]
V  [jvm.dll+0x36b186]
V  [jvm.dll+0x3bd4b6]
V  [jvm.dll+0x3bd788]
V  [jvm.dll+0x335d2c]
V  [jvm.dll+0x336a1b]
V  [jvm.dll+0x88b589]
V  [jvm.dll+0x3ca688]
V  [jvm.dll+0x874698]
V  [jvm.dll+0x45f04e]
V  [jvm.dll+0x460d31]
C  [jli.dll+0x52ab]
C  [ucrtbase.dll+0x29333]
C  [KERNEL32.DLL+0x1259d]
C  [ntdll.dll+0x5af38]


---------------  P R O C E S S  ---------------

Threads class SMR info:
_java_thread_list=0x00007ffd7b79a148, length=0, elements={
}

Java Threads: ( => current thread )
Total: 0

Other Threads:
  0x000002c588172c90 WorkerThread "GC Thread#0"                     [id=28536, stack(0x000000dc08f00000,0x000000dc09000000) (1024K)]
  0x000002c5881839e0 ConcurrentGCThread "G1 Main Marker"            [id=27192, stack(0x000000dc09000000,0x000000dc09100000) (1024K)]
  0x000002c5881844e0 WorkerThread "G1 Conc#0"                       [id=28712, stack(0x000000dc09100000,0x000000dc09200000) (1024K)]

[error occurred during error reporting (printing all threads), id 0xc0000005, EXCEPTION_ACCESS_VIOLATION (0xc0000005) at pc=0x00007ffd7ae88de7]
VM state: not at safepoint (not fully initialized)

VM Mutex/Monitor currently owned by a thread:  ([mutex/lock_event])
[0x00007ffd7b80eb30] Heap_lock - owner thread: 0x000002c58810f360

Heap address: 0x0000000704400000, size: 4028 MB, Compressed Oops mode: Zero based, Oop shift amount: 3

CDS archive(s) mapped at: [0x0000000000000000-0x0000000000000000-0x0000000000000000), size 0, SharedBaseAddress: 0x0000000800000000, ArchiveRelocationMode: 1.
Narrow klass base: 0x0000000000000000, Narrow klass shift: 0, Narrow klass range: 0x0

GC Precious Log:
 CardTable entry size: 512
 Card Set container configuration: InlinePtr #cards 4 size 8 Array Of Cards #cards 16 size 48 Howl #buckets 8 coarsen threshold 3686 Howl Bitmap #cards 512 size 80 coarsen threshold 460 Card regions per heap region 1 cards per card region 4096

Heap:
 garbage-first heap   total 0K, used 0K [0x0000000704400000, 0x0000000800000000)
  region size 2048K, 0 young (0K), 0 survivors (0K)
 Metaspace       used 0K, committed 0K, reserved 0K
  class space    used 0K, committed 0K, reserved 0K

Heap Regions: E=young(eden), S=young(survivor), O=old, HS=humongous(starts), HC=humongous(continues), CS=collection set, F=free, TAMS=top-at-mark-start, PB=parsable bottom

Card table byte_map: [0x000002c59c320000,0x000002c59cb00000] _byte_map_base: 0x000002c598afe000

Marking Bits: (CMBitMap*) 0x000002c588173390
 Bits: [0x000002c59cb00000, 0x000002c5a09f0000)

GC Heap History (0 events):
No events

Dll operation events (1 events):
Event: 0.007 Loaded shared library D:\PyCharm Community Edition 2024.3.4\jbr\bin\java.dll

Deoptimization events (0 events):
No events

Classes loaded (0 events):
No events

Classes unloaded (0 events):
No events

Classes redefined (0 events):
No events

Internal exceptions (0 events):
No events

ZGC Phase Switch (0 events):
No events

VM Operations (0 events):
No events

Memory protections (0 events):
No events

Nmethod flushes (0 events):
No events

Events (0 events):
No events


Dynamic libraries:
0x00007ff6715b0000 - 0x00007ff6715ba000 	D:\PyCharm Community Edition 2024.3.4\jbr\bin\java.exe
0x00007ffe3f090000 - 0x00007ffe3f2a7000 	C:\WINDOWS\SYSTEM32\ntdll.dll
0x00007ffe3ea40000 - 0x00007ffe3eb04000 	C:\WINDOWS\System32\KERNEL32.DLL
0x00007ffe3c980000 - 0x00007ffe3cd51000 	C:\WINDOWS\System32\KERNELBASE.dll
0x00007ffe3c6a0000 - 0x00007ffe3c7b1000 	C:\WINDOWS\System32\ucrtbase.dll
0x00007ffe240a0000 - 0x00007ffe240bb000 	D:\PyCharm Community Edition 2024.3.4\jbr\bin\VCRUNTIME140.dll
0x00007ffdda530000 - 0x00007ffdda548000 	D:\PyCharm Community Edition 2024.3.4\jbr\bin\jli.dll
0x00007ffe3e830000 - 0x00007ffe3e9e1000 	C:\WINDOWS\System32\USER32.dll
0x00007ffe1e2c0000 - 0x00007ffe1e552000 	C:\WINDOWS\WinSxS\amd64_microsoft.windows.common-controls_6595b64144ccf1df_6.0.22621.4830_none_270fe7d773858e80\COMCTL32.dll
0x00007ffe3c1d0000 - 0x00007ffe3c1f6000 	C:\WINDOWS\System32\win32u.dll
0x00007ffe3ed50000 - 0x00007ffe3edf7000 	C:\WINDOWS\System32\msvcrt.dll
0x00007ffe3ec10000 - 0x00007ffe3ec39000 	C:\WINDOWS\System32\GDI32.dll
0x00007ffe3c580000 - 0x00007ffe3c69b000 	C:\WINDOWS\System32\gdi32full.dll
0x00007ffe3c2f0000 - 0x00007ffe3c38a000 	C:\WINDOWS\System32\msvcp_win.dll
0x00007ffe3ee60000 - 0x00007ffe3ee91000 	C:\WINDOWS\System32\IMM32.DLL
0x00007ffe24510000 - 0x00007ffe2451c000 	D:\PyCharm Community Edition 2024.3.4\jbr\bin\vcruntime140_1.dll
0x00007ffd8c830000 - 0x00007ffd8c8bd000 	D:\PyCharm Community Edition 2024.3.4\jbr\bin\msvcp140.dll
0x00007ffd7ab40000 - 0x00007ffd7b901000 	D:\PyCharm Community Edition 2024.3.4\jbr\bin\server\jvm.dll
0x00007ffe3dc90000 - 0x00007ffe3dd41000 	C:\WINDOWS\System32\ADVAPI32.dll
0x00007ffe3d840000 - 0x00007ffe3d8e7000 	C:\WINDOWS\System32\sechost.dll
0x00007ffe3c200000 - 0x00007ffe3c228000 	C:\WINDOWS\System32\bcrypt.dll
0x00007ffe3cde0000 - 0x00007ffe3cef4000 	C:\WINDOWS\System32\RPCRT4.dll
0x00007ffe3cd60000 - 0x00007ffe3cdd1000 	C:\WINDOWS\System32\WS2_32.dll
0x00007ffe3aff0000 - 0x00007ffe3b03d000 	C:\WINDOWS\SYSTEM32\POWRPROF.dll
0x00007ffe30f00000 - 0x00007ffe30f34000 	C:\WINDOWS\SYSTEM32\WINMM.dll
0x00007ffe2efa0000 - 0x00007ffe2efaa000 	C:\WINDOWS\SYSTEM32\VERSION.dll
0x00007ffe3afb0000 - 0x00007ffe3afc3000 	C:\WINDOWS\SYSTEM32\UMPDC.dll
0x00007ffe3b260000 - 0x00007ffe3b278000 	C:\WINDOWS\SYSTEM32\kernel.appcore.dll
0x00007ffe24090000 - 0x00007ffe2409a000 	D:\PyCharm Community Edition 2024.3.4\jbr\bin\jimage.dll
0x00007ffe39d60000 - 0x00007ffe39f92000 	C:\WINDOWS\SYSTEM32\DBGHELP.DLL
0x00007ffe3d900000 - 0x00007ffe3dc90000 	C:\WINDOWS\System32\combase.dll
0x00007ffe3eb30000 - 0x00007ffe3ec07000 	C:\WINDOWS\System32\OLEAUT32.dll
0x00007ffe13380000 - 0x00007ffe133b2000 	C:\WINDOWS\SYSTEM32\dbgcore.DLL
0x00007ffe3c500000 - 0x00007ffe3c57b000 	C:\WINDOWS\System32\bcryptPrimitives.dll
0x00007ffddd5e0000 - 0x00007ffddd600000 	D:\PyCharm Community Edition 2024.3.4\jbr\bin\java.dll

dbghelp: loaded successfully - version: 4.0.5 - missing functions: none
symbol engine: initialized successfully - sym options: 0x614 - pdb path: .;D:\PyCharm Community Edition 2024.3.4\jbr\bin;C:\WINDOWS\SYSTEM32;C:\WINDOWS\WinSxS\amd64_microsoft.windows.common-controls_6595b64144ccf1df_6.0.22621.4830_none_270fe7d773858e80;D:\PyCharm Community Edition 2024.3.4\jbr\bin\server

VM Arguments:
java_command: com.intellij.util.ReadEnv
java_class_path (initial): D:\PyCharm Community Edition 2024.3.4\lib\util_rt.jar
Launcher Type: SUN_STANDARD

[Global flags]
     intx CICompilerCount                          = 12                                        {product} {ergonomic}
     uint ConcGCThreads                            = 4                                         {product} {ergonomic}
     uint G1ConcRefinementThreads                  = 15                                        {product} {ergonomic}
   size_t G1HeapRegionSize                         = 2097152                                   {product} {ergonomic}
    uintx GCDrainStackTargetSize                   = 64                                        {product} {ergonomic}
   size_t InitialHeapSize                          = 264241152                                 {product} {ergonomic}
   size_t MarkStackSize                            = 4194304                                   {product} {ergonomic}
   size_t MaxHeapSize                              = 4223664128                                {product} {ergonomic}
   size_t MinHeapDeltaBytes                        = 2097152                                   {product} {ergonomic}
   size_t MinHeapSize                              = 8388608                                   {product} {ergonomic}
    uintx NonNMethodCodeHeapSize                   = 7602480                                {pd product} {ergonomic}
    uintx NonProfiledCodeHeapSize                  = 122027880                              {pd product} {ergonomic}
    uintx ProfiledCodeHeapSize                     = 122027880                              {pd product} {ergonomic}
    uintx ReservedCodeCacheSize                    = 251658240                              {pd product} {ergonomic}
     bool SegmentedCodeCache                       = true                                      {product} {ergonomic}
   size_t SoftMaxHeapSize                          = 4223664128                             {manageable} {ergonomic}
     bool UseCompressedOops                        = true                           {product lp64_product} {ergonomic}
     bool UseG1GC                                  = true                                      {product} {ergonomic}
     bool UseLargePagesIndividualAllocation        = false                                  {pd product} {ergonomic}

Logging:
Log output configuration:
 #0: stdout all=warning uptime,level,tags foldmultilines=false
 #1: stderr all=off uptime,level,tags foldmultilines=false

Environment Variables:
PATH=D:\HuaweiMoveData\Users\24901\Desktop\大学存档\神经网络与深度学习\.venv\Scripts;C:\Program Files\Common Files\Oracle\Java\javapath;C:\Windows\System32\HWAudioDriverLibs;C:\Windows\system32;C:\Windows;C:\Windows\System32\Wbem;C:\Windows\System32\WindowsPowerShell\v1.0\;C:\Windows\System32\OpenSSH\;C:\Users\Administrator\AppData\Local\Microsoft\WindowsApps;C:\WINDOWS\system32;C:\WINDOWS;C:\WINDOWS\System32\Wbem;C:\WINDOWS\System32\WindowsPowerShell\v1.0\;C:\WINDOWS\System32\OpenSSH\;C:\Program Files\Microsoft SQL Server\150\Tools\Binn\;C:\WINDOWS\system32\config\systemprofile\AppData\Local\Microsoft\WindowsApps;C:\windows\system32\HWAudioDriver\;D:\bin;C:\Program Files\Git\cmd;C:\Program Files (x86)\Windows Kits\10\Windows Performance Toolkit\;D:\APP\Scripts\;D:\APP\;C:\Users\24901\AppData\Local\Microsoft\WindowsApps;;D:\APP\PyCharm 2023.2.1\bin;;D:\PyCharm Community Edition 2024.3.4\bin;;D:\APP\IntelliJ IDEA Community Edition 2024.1.3\bin;
USERNAME=24901
OS=Windows_NT
PROCESSOR_IDENTIFIER=Intel64 Family 6 Model 154 Stepping 3, GenuineIntel
TMP=C:\Users\24901\AppData\Local\Temp
TEMP=C:\Users\24901\AppData\Local\Temp




Periodic native trim disabled

JNI global refs:
JNI global refs: 0, weak refs: 0

JNI global refs memory usage: 0, weak refs: 0

Process memory usage:
Resident Set Size: 13456K (0% of 16497272K total physical memory with 3704996K free physical memory)

OOME stack traces (most recent first):
Classloader memory used:

---------------  S Y S T E M  ---------------

OS:
 Windows 11 , 64 bit Build 22621 (10.0.22621.4974)
OS uptime: 0 days 18:39 hours
Hyper-V role detected

CPU: total 20 (initial active 20) (10 cores per cpu, 2 threads per core) family 6 model 154 stepping 3 microcode 0x41e, cx8, cmov, fxsr, ht, mmx, 3dnowpref, sse, sse2, sse3, ssse3, sse4.1, sse4.2, popcnt, lzcnt, tsc, tscinvbit, avx, avx2, aes, erms, clmul, bmi1, bmi2, adx, sha, fma, vzeroupper, clflush, clflushopt, clwb, hv, serialize, rdtscp, rdpid, fsrm, f16c, cet_ibt, cet_ss
Processor Information for processor 0
  Max Mhz: 2300, Current Mhz: 2300, Mhz Limit: 2300
Processor Information for processor 1
  Max Mhz: 2300, Current Mhz: 2300, Mhz Limit: 2300
Processor Information for processor 2
  Max Mhz: 2300, Current Mhz: 2300, Mhz Limit: 2300
Processor Information for processor 3
  Max Mhz: 2300, Current Mhz: 2300, Mhz Limit: 2300
Processor Information for processor 4
  Max Mhz: 2300, Current Mhz: 1506, Mhz Limit: 2300
Processor Information for processor 5
  Max Mhz: 2300, Current Mhz: 2300, Mhz Limit: 2300
Processor Information for processor 6
  Max Mhz: 2300, Current Mhz: 2300, Mhz Limit: 2300
Processor Information for processor 7
  Max Mhz: 2300, Current Mhz: 2300, Mhz Limit: 2300
Processor Information for processor 8
  Max Mhz: 2300, Current Mhz: 2300, Mhz Limit: 2300
Processor Information for processor 9
  Max Mhz: 2300, Current Mhz: 2300, Mhz Limit: 2300
Processor Information for processor 10
  Max Mhz: 2300, Current Mhz: 2300, Mhz Limit: 2300
Processor Information for processor 11
  Max Mhz: 2300, Current Mhz: 2300, Mhz Limit: 2300
Processor Information for processor 12
  Max Mhz: 2300, Current Mhz: 1500, Mhz Limit: 1679
Processor Information for processor 13
  Max Mhz: 2300, Current Mhz: 1700, Mhz Limit: 1679
Processor Information for processor 14
  Max Mhz: 2300, Current Mhz: 1500, Mhz Limit: 1679
Processor Information for processor 15
  Max Mhz: 2300, Current Mhz: 1700, Mhz Limit: 1679
Processor Information for processor 16
  Max Mhz: 2300, Current Mhz: 1500, Mhz Limit: 1679
Processor Information for processor 17
  Max Mhz: 2300, Current Mhz: 1700, Mhz Limit: 1679
Processor Information for processor 18
  Max Mhz: 2300, Current Mhz: 1700, Mhz Limit: 1679
Processor Information for processor 19
  Max Mhz: 2300, Current Mhz: 1700, Mhz Limit: 1679

Memory: 4k page, system-wide physical 16110M (3618M free)
TotalPageFile size 16110M (AvailPageFile size 233M)
current process WorkingSet (physical memory assigned to process): 13M, peak: 13M
current process commit charge ("private bytes"): 75M, peak: 327M

vm_info: OpenJDK 64-Bit Server VM (21.0.6+8-b631.39) for windows-amd64 JRE (21.0.6+8-b631.39), built on 2025-02-04 by "builduser" with MS VC++ 16.10 / 16.11 (VS2019)

END.
