#
# There is insufficient memory for the Java Runtime Environment to continue.
# Native memory allocation (mmap) failed to map 264241152 bytes. Error detail: G1 virtual space
# Possible reasons:
#   The system is out of physical RAM or swap space
#   This process is running with CompressedOops enabled, and the Java Heap may be blocking the growth of the native heap
# Possible solutions:
#   Reduce memory load on the system
#   Increase physical memory or swap space
#   Check if swap backing store is full
#   Decrease Java heap size (-Xmx/-Xms)
#   Decrease number of Java threads
#   Decrease Java thread stack sizes (-Xss)
#   Set larger code cache with -XX:ReservedCodeCacheSize=
#   JVM is running with Zero Based Compressed Oops mode in which the Java heap is
#     placed in the first 32GB address space. The Java Heap base address is the
#     maximum limit for the native heap growth. Please use -XX:HeapBaseMinAddress
#     to set the Java Heap base and to place the Java Heap above 32GB virtual address.
# This output file may be truncated or incomplete.
#
#  Out of Memory Error (os_windows.cpp:3898), pid=21200, tid=21556
#
# JRE version:  (21.0.6+8) (build )
# Java VM: OpenJDK 64-Bit Server VM (21.0.6+8-b631.39, mixed mode, sharing, tiered, compressed oops, compressed class ptrs, g1 gc, windows-amd64)
# No core dump will be written. Minidumps are not enabled by default on client versions of Windows
#

---------------  S U M M A R Y ------------

Command Line: com.intellij.util.ReadEnv

Host: 12th Gen Intel(R) Core(TM) i7-12700H, 20 cores, 15G,  Windows 11 , 64 bit Build 22621 (10.0.22621.4974)
Time: Thu Mar 27 21:33:33 2025  Windows 11 , 64 bit Build 22621 (10.0.22621.4974) elapsed time: 0.007412 seconds (0d 0h 0m 0s)

---------------  T H R E A D  ---------------

Current thread (0x00000242ef9ef360):  JavaThread "Unknown thread" [_thread_in_vm, id=21556, stack(0x000000ff38a00000,0x000000ff38b00000) (1024K)]

Stack: [0x000000ff38a00000,0x000000ff38b00000]
Native frames: (J=compiled Java code, j=interpreted, Vv=VM code, C=native code)
V  [jvm.dll+0x6e5d39]
V  [jvm.dll+0x8c4133]
V  [jvm.dll+0x8c668e]
V  [jvm.dll+0x8c6d73]
V  [jvm.dll+0x288f76]
V  [jvm.dll+0x6e25f5]
V  [jvm.dll+0x6d60aa]
V  [jvm.dll+0x3635bb]
V  [jvm.dll+0x36b186]
V  [jvm.dll+0x3bd4b6]
V  [jvm.dll+0x3bd788]
V  [jvm.dll+0x335d2c]
V  [jvm.dll+0x336a1b]
V  [jvm.dll+0x88b589]
V  [jvm.dll+0x3ca688]
V  [jvm.dll+0x874698]
V  [jvm.dll+0x45f04e]
V  [jvm.dll+0x460d31]
C  [jli.dll+0x52ab]
C  [ucrtbase.dll+0x29333]
C  [KERNEL32.DLL+0x1259d]
C  [ntdll.dll+0x5af38]


---------------  P R O C E S S  ---------------

Threads class SMR info:
_java_thread_list=0x00007ffc9e27a148, length=0, elements={
}

Java Threads: ( => current thread )
Total: 0

Other Threads:
  0x00000242efa52250 WorkerThread "GC Thread#0"                     [id=21080, stack(0x000000ff38b00000,0x000000ff38c00000) (1024K)]
  0x00000242efa62e00 ConcurrentGCThread "G1 Main Marker"            [id=24060, stack(0x000000ff38c00000,0x000000ff38d00000) (1024K)]
  0x00000242efa63900 WorkerThread "G1 Conc#0"                       [id=27048, stack(0x000000ff38d00000,0x000000ff38e00000) (1024K)]

[error occurred during error reporting (printing all threads), id 0xc0000005, EXCEPTION_ACCESS_VIOLATION (0xc0000005) at pc=0x00007ffc9d968de7]
VM state: not at safepoint (not fully initialized)

VM Mutex/Monitor currently owned by a thread:  ([mutex/lock_event])
[0x00007ffc9e2eeb30] Heap_lock - owner thread: 0x00000242ef9ef360

Heap address: 0x0000000704400000, size: 4028 MB, Compressed Oops mode: Zero based, Oop shift amount: 3

CDS archive(s) mapped at: [0x0000000000000000-0x0000000000000000-0x0000000000000000), size 0, SharedBaseAddress: 0x0000000800000000, ArchiveRelocationMode: 1.
Narrow klass base: 0x0000000000000000, Narrow klass shift: 0, Narrow klass range: 0x0

GC Precious Log:
 CardTable entry size: 512
 Card Set container configuration: InlinePtr #cards 4 size 8 Array Of Cards #cards 16 size 48 Howl #buckets 8 coarsen threshold 3686 Howl Bitmap #cards 512 size 80 coarsen threshold 460 Card regions per heap region 1 cards per card region 4096

Heap:
 garbage-first heap   total 0K, used 0K [0x0000000704400000, 0x0000000800000000)
  region size 2048K, 0 young (0K), 0 survivors (0K)
 Metaspace       used 0K, committed 0K, reserved 0K
  class space    used 0K, committed 0K, reserved 0K

Heap Regions: E=young(eden), S=young(survivor), O=old, HS=humongous(starts), HC=humongous(continues), CS=collection set, F=free, TAMS=top-at-mark-start, PB=parsable bottom

Card table byte_map: [0x00000242f4c00000,0x00000242f53e0000] _byte_map_base: 0x00000242f13de000

Marking Bits: (CMBitMap*) 0x00000242efa52950
 Bits: [0x00000242f53e0000, 0x00000242f92d0000)

GC Heap History (0 events):
No events

Dll operation events (1 events):
Event: 0.005 Loaded shared library D:\PyCharm Community Edition 2024.3.4\jbr\bin\java.dll

Deoptimization events (0 events):
No events

Classes loaded (0 events):
No events

Classes unloaded (0 events):
No events

Classes redefined (0 events):
No events

Internal exceptions (0 events):
No events

ZGC Phase Switch (0 events):
No events

VM Operations (0 events):
No events

Memory protections (0 events):
No events

Nmethod flushes (0 events):
No events

Events (0 events):
No events


Dynamic libraries:
0x00007ff6b0ba0000 - 0x00007ff6b0baa000 	D:\PyCharm Community Edition 2024.3.4\jbr\bin\java.exe
0x00007ffd6a430000 - 0x00007ffd6a647000 	C:\WINDOWS\SYSTEM32\ntdll.dll
0x00007ffd68990000 - 0x00007ffd68a54000 	C:\WINDOWS\System32\KERNEL32.DLL
0x00007ffd675a0000 - 0x00007ffd67971000 	C:\WINDOWS\System32\KERNELBASE.dll
0x00007ffd67cd0000 - 0x00007ffd67de1000 	C:\WINDOWS\System32\ucrtbase.dll
0x00007ffd504d0000 - 0x00007ffd504e8000 	D:\PyCharm Community Edition 2024.3.4\jbr\bin\jli.dll
0x00007ffd5baa0000 - 0x00007ffd5babb000 	D:\PyCharm Community Edition 2024.3.4\jbr\bin\VCRUNTIME140.dll
0x00007ffd6a230000 - 0x00007ffd6a3e1000 	C:\WINDOWS\System32\USER32.dll
0x00007ffd67ae0000 - 0x00007ffd67b06000 	C:\WINDOWS\System32\win32u.dll
0x00007ffd48360000 - 0x00007ffd485f2000 	C:\WINDOWS\WinSxS\amd64_microsoft.windows.common-controls_6595b64144ccf1df_6.0.22621.4830_none_270fe7d773858e80\COMCTL32.dll
0x00007ffd69ff0000 - 0x00007ffd6a019000 	C:\WINDOWS\System32\GDI32.dll
0x00007ffd681b0000 - 0x00007ffd68257000 	C:\WINDOWS\System32\msvcrt.dll
0x00007ffd67e70000 - 0x00007ffd67f8b000 	C:\WINDOWS\System32\gdi32full.dll
0x00007ffd67980000 - 0x00007ffd67a1a000 	C:\WINDOWS\System32\msvcp_win.dll
0x00007ffd6a020000 - 0x00007ffd6a051000 	C:\WINDOWS\System32\IMM32.DLL
0x00007ffd5e280000 - 0x00007ffd5e28c000 	D:\PyCharm Community Edition 2024.3.4\jbr\bin\vcruntime140_1.dll
0x00007ffd106c0000 - 0x00007ffd1074d000 	D:\PyCharm Community Edition 2024.3.4\jbr\bin\msvcp140.dll
0x00007ffc9d620000 - 0x00007ffc9e3e1000 	D:\PyCharm Community Edition 2024.3.4\jbr\bin\server\jvm.dll
0x00007ffd68260000 - 0x00007ffd68311000 	C:\WINDOWS\System32\ADVAPI32.dll
0x00007ffd697d0000 - 0x00007ffd69877000 	C:\WINDOWS\System32\sechost.dll
0x00007ffd67570000 - 0x00007ffd67598000 	C:\WINDOWS\System32\bcrypt.dll
0x00007ffd68320000 - 0x00007ffd68434000 	C:\WINDOWS\System32\RPCRT4.dll
0x00007ffd69880000 - 0x00007ffd698f1000 	C:\WINDOWS\System32\WS2_32.dll
0x00007ffd66370000 - 0x00007ffd663bd000 	C:\WINDOWS\SYSTEM32\POWRPROF.dll
0x00007ffd5dc10000 - 0x00007ffd5dc44000 	C:\WINDOWS\SYSTEM32\WINMM.dll
0x00007ffd5a250000 - 0x00007ffd5a25a000 	C:\WINDOWS\SYSTEM32\VERSION.dll
0x00007ffd66350000 - 0x00007ffd66363000 	C:\WINDOWS\SYSTEM32\UMPDC.dll
0x00007ffd665a0000 - 0x00007ffd665b8000 	C:\WINDOWS\SYSTEM32\kernel.appcore.dll
0x00007ffd5dfe0000 - 0x00007ffd5dfea000 	D:\PyCharm Community Edition 2024.3.4\jbr\bin\jimage.dll
0x00007ffd64f20000 - 0x00007ffd65152000 	C:\WINDOWS\SYSTEM32\DBGHELP.DLL
0x00007ffd69b20000 - 0x00007ffd69eb0000 	C:\WINDOWS\System32\combase.dll
0x00007ffd69450000 - 0x00007ffd69527000 	C:\WINDOWS\System32\OLEAUT32.dll
0x00007ffd410f0000 - 0x00007ffd41122000 	C:\WINDOWS\SYSTEM32\dbgcore.DLL
0x00007ffd67df0000 - 0x00007ffd67e6b000 	C:\WINDOWS\System32\bcryptPrimitives.dll
0x00007ffd5b650000 - 0x00007ffd5b670000 	D:\PyCharm Community Edition 2024.3.4\jbr\bin\java.dll

dbghelp: loaded successfully - version: 4.0.5 - missing functions: none
symbol engine: initialized successfully - sym options: 0x614 - pdb path: .;D:\PyCharm Community Edition 2024.3.4\jbr\bin;C:\WINDOWS\SYSTEM32;C:\WINDOWS\WinSxS\amd64_microsoft.windows.common-controls_6595b64144ccf1df_6.0.22621.4830_none_270fe7d773858e80;D:\PyCharm Community Edition 2024.3.4\jbr\bin\server

VM Arguments:
java_command: com.intellij.util.ReadEnv
java_class_path (initial): D:\PyCharm Community Edition 2024.3.4\lib\util_rt.jar
Launcher Type: SUN_STANDARD

[Global flags]
     intx CICompilerCount                          = 12                                        {product} {ergonomic}
     uint ConcGCThreads                            = 4                                         {product} {ergonomic}
     uint G1ConcRefinementThreads                  = 15                                        {product} {ergonomic}
   size_t G1HeapRegionSize                         = 2097152                                   {product} {ergonomic}
    uintx GCDrainStackTargetSize                   = 64                                        {product} {ergonomic}
   size_t InitialHeapSize                          = 264241152                                 {product} {ergonomic}
   size_t MarkStackSize                            = 4194304                                   {product} {ergonomic}
   size_t MaxHeapSize                              = 4223664128                                {product} {ergonomic}
   size_t MinHeapDeltaBytes                        = 2097152                                   {product} {ergonomic}
   size_t MinHeapSize                              = 8388608                                   {product} {ergonomic}
    uintx NonNMethodCodeHeapSize                   = 7602480                                {pd product} {ergonomic}
    uintx NonProfiledCodeHeapSize                  = 122027880                              {pd product} {ergonomic}
    uintx ProfiledCodeHeapSize                     = 122027880                              {pd product} {ergonomic}
    uintx ReservedCodeCacheSize                    = 251658240                              {pd product} {ergonomic}
     bool SegmentedCodeCache                       = true                                      {product} {ergonomic}
   size_t SoftMaxHeapSize                          = 4223664128                             {manageable} {ergonomic}
     bool UseCompressedOops                        = true                           {product lp64_product} {ergonomic}
     bool UseG1GC                                  = true                                      {product} {ergonomic}
     bool UseLargePagesIndividualAllocation        = false                                  {pd product} {ergonomic}

Logging:
Log output configuration:
 #0: stdout all=warning uptime,level,tags foldmultilines=false
 #1: stderr all=off uptime,level,tags foldmultilines=false

Environment Variables:
PATH=D:\HuaweiMoveData\Users\24901\Desktop\大学存档\自然语言处理\.venv\Scripts;C:\Program Files\Common Files\Oracle\Java\javapath;C:\Windows\System32\HWAudioDriverLibs;C:\Windows\system32;C:\Windows;C:\Windows\System32\Wbem;C:\Windows\System32\WindowsPowerShell\v1.0\;C:\Windows\System32\OpenSSH\;C:\Users\Administrator\AppData\Local\Microsoft\WindowsApps;C:\WINDOWS\system32;C:\WINDOWS;C:\WINDOWS\System32\Wbem;C:\WINDOWS\System32\WindowsPowerShell\v1.0\;C:\WINDOWS\System32\OpenSSH\;C:\Program Files\Microsoft SQL Server\150\Tools\Binn\;C:\WINDOWS\system32\config\systemprofile\AppData\Local\Microsoft\WindowsApps;C:\windows\system32\HWAudioDriver\;D:\bin;C:\Program Files\Git\cmd;C:\Program Files (x86)\Windows Kits\10\Windows Performance Toolkit\;C:\Users\24901\AppData\Local\Programs\Python\Python39\Scripts\;C:\Users\24901\AppData\Local\Programs\Python\Python39\;C:\Users\24901\AppData\Local\Programs\Python\Launcher\;D:\APP\Scripts\;D:\APP\;C:\Users\24901\AppData\Local\Microsoft\WindowsApps;;D:\APP\PyCharm 2023.2.1\bin;;D:\PyCharm Community Edition 2024.3.4\bin;;D:\APP\IntelliJ IDEA Community Edition 2024.1.3\bin;
USERNAME=24901
OS=Windows_NT
PROCESSOR_IDENTIFIER=Intel64 Family 6 Model 154 Stepping 3, GenuineIntel
TMP=C:\Users\24901\AppData\Local\Temp
TEMP=C:\Users\24901\AppData\Local\Temp




Periodic native trim disabled

JNI global refs:
JNI global refs: 0, weak refs: 0

JNI global refs memory usage: 0, weak refs: 0

Process memory usage:
Resident Set Size: 13384K (0% of 16497272K total physical memory with 4532156K free physical memory)

OOME stack traces (most recent first):
Classloader memory used:

---------------  S Y S T E M  ---------------

OS:
 Windows 11 , 64 bit Build 22621 (10.0.22621.4974)
OS uptime: 5 days 1:35 hours
Hyper-V role detected

CPU: total 20 (initial active 20) (10 cores per cpu, 2 threads per core) family 6 model 154 stepping 3 microcode 0x41e, cx8, cmov, fxsr, ht, mmx, 3dnowpref, sse, sse2, sse3, ssse3, sse4.1, sse4.2, popcnt, lzcnt, tsc, tscinvbit, avx, avx2, aes, erms, clmul, bmi1, bmi2, adx, sha, fma, vzeroupper, clflush, clflushopt, clwb, hv, serialize, rdtscp, rdpid, fsrm, f16c, cet_ibt, cet_ss
Processor Information for processor 0
  Max Mhz: 2300, Current Mhz: 2300, Mhz Limit: 2300
Processor Information for processor 1
  Max Mhz: 2300, Current Mhz: 2300, Mhz Limit: 2300
Processor Information for processor 2
  Max Mhz: 2300, Current Mhz: 2300, Mhz Limit: 2300
Processor Information for processor 3
  Max Mhz: 2300, Current Mhz: 2300, Mhz Limit: 2300
Processor Information for processor 4
  Max Mhz: 2300, Current Mhz: 2300, Mhz Limit: 2300
Processor Information for processor 5
  Max Mhz: 2300, Current Mhz: 2300, Mhz Limit: 2300
Processor Information for processor 6
  Max Mhz: 2300, Current Mhz: 2300, Mhz Limit: 2300
Processor Information for processor 7
  Max Mhz: 2300, Current Mhz: 2300, Mhz Limit: 2300
Processor Information for processor 8
  Max Mhz: 2300, Current Mhz: 2300, Mhz Limit: 2300
Processor Information for processor 9
  Max Mhz: 2300, Current Mhz: 2300, Mhz Limit: 2300
Processor Information for processor 10
  Max Mhz: 2300, Current Mhz: 2300, Mhz Limit: 2300
Processor Information for processor 11
  Max Mhz: 2300, Current Mhz: 2300, Mhz Limit: 2300
Processor Information for processor 12
  Max Mhz: 2300, Current Mhz: 1500, Mhz Limit: 1679
Processor Information for processor 13
  Max Mhz: 2300, Current Mhz: 1700, Mhz Limit: 1679
Processor Information for processor 14
  Max Mhz: 2300, Current Mhz: 1700, Mhz Limit: 1679
Processor Information for processor 15
  Max Mhz: 2300, Current Mhz: 1700, Mhz Limit: 1679
Processor Information for processor 16
  Max Mhz: 2300, Current Mhz: 1500, Mhz Limit: 1679
Processor Information for processor 17
  Max Mhz: 2300, Current Mhz: 1500, Mhz Limit: 1679
Processor Information for processor 18
  Max Mhz: 2300, Current Mhz: 1700, Mhz Limit: 1679
Processor Information for processor 19
  Max Mhz: 2300, Current Mhz: 1700, Mhz Limit: 1679

Memory: 4k page, system-wide physical 16110M (4425M free)
TotalPageFile size 16110M (AvailPageFile size 239M)
current process WorkingSet (physical memory assigned to process): 13M, peak: 13M
current process commit charge ("private bytes"): 75M, peak: 327M

vm_info: OpenJDK 64-Bit Server VM (21.0.6+8-b631.39) for windows-amd64 JRE (21.0.6+8-b631.39), built on 2025-02-04 by "builduser" with MS VC++ 16.10 / 16.11 (VS2019)

END.
